Compiling the CXX compiler identification source file "CMakeCXXCompilerId.cpp" failed.
Compiler: CMAKE_CXX_COMPILER-NOTFOUND 
Build flags: 
Id flags:  

The output was:
No such file or directory


Compiling the CXX compiler identification source file "CMakeCXXCompilerId.cpp" failed.
Compiler: CMAKE_CXX_COMPILER-NOTFOUND 
Build flags: 
Id flags: -c 

The output was:
No such file or directory


Compiling the CXX compiler identification source file "CMakeCXXCompilerId.cpp" failed.
Compiler: CMAKE_CXX_COMPILER-NOTFOUND 
Build flags: 
Id flags: --c++ 

The output was:
No such file or directory


Compiling the CXX compiler identification source file "CMakeCXXCompilerId.cpp" failed.
Compiler: CMAKE_CXX_COMPILER-NOTFOUND 
Build flags: 
Id flags: --ec++ 

The output was:
No such file or directory


Compiling the CXX compiler identification source file "CMakeCXXCompilerId.cpp" failed.
Compiler: CMAKE_CXX_COMPILER-NOTFOUND 
Build flags: 
Id flags: --target=arm-arm-none-eabi;-mcpu=cortex-m3 

The output was:
No such file or directory


Compiling the CXX compiler identification source file "CMakeCXXCompilerId.cpp" failed.
Compiler: CMAKE_CXX_COMPILER-NOTFOUND 
Build flags: 
Id flags:  

The output was:
No such file or directory


Compiling the CXX compiler identification source file "CMakeCXXCompilerId.cpp" failed.
Compiler: CMAKE_CXX_COMPILER-NOTFOUND 
Build flags: 
Id flags: -c 

The output was:
No such file or directory


Compiling the CXX compiler identification source file "CMakeCXXCompilerId.cpp" failed.
Compiler: CMAKE_CXX_COMPILER-NOTFOUND 
Build flags: 
Id flags: --c++ 

The output was:
No such file or directory


Compiling the CXX compiler identification source file "CMakeCXXCompilerId.cpp" failed.
Compiler: CMAKE_CXX_COMPILER-NOTFOUND 
Build flags: 
Id flags: --ec++ 

The output was:
No such file or directory


Compiling the CXX compiler identification source file "CMakeCXXCompilerId.cpp" failed.
Compiler: CMAKE_CXX_COMPILER-NOTFOUND 
Build flags: 
Id flags: --target=arm-arm-none-eabi;-mcpu=cortex-m3 

The output was:
No such file or directory


Performing C SOURCE FILE Test CMAKE_HAVE_LIBC_PTHREAD failed with the following output:
Change Dir: /home/arushi/Hello-World/build/CMakeFiles/CMakeTmp

Run Build Command(s):/usr/bin/make cmTC_81077/fast && /usr/bin/make -f CMakeFiles/cmTC_81077.dir/build.make CMakeFiles/cmTC_81077.dir/build
make[1]: Entering directory '/home/arushi/Hello-World/build/CMakeFiles/CMakeTmp'
Building C object CMakeFiles/cmTC_81077.dir/src.c.o
/usr/bin/cc   -DCMAKE_HAVE_LIBC_PTHREAD   -o CMakeFiles/cmTC_81077.dir/src.c.o   -c /home/arushi/Hello-World/build/CMakeFiles/CMakeTmp/src.c
Linking C executable cmTC_81077
/usr/bin/cmake -E cmake_link_script CMakeFiles/cmTC_81077.dir/link.txt --verbose=1
/usr/bin/cc  -DCMAKE_HAVE_LIBC_PTHREAD    CMakeFiles/cmTC_81077.dir/src.c.o  -o cmTC_81077 
/usr/bin/ld: CMakeFiles/cmTC_81077.dir/src.c.o: in function `main':
src.c:(.text+0x46): undefined reference to `pthread_create'
/usr/bin/ld: src.c:(.text+0x52): undefined reference to `pthread_detach'
/usr/bin/ld: src.c:(.text+0x63): undefined reference to `pthread_join'
collect2: error: ld returned 1 exit status
make[1]: *** [CMakeFiles/cmTC_81077.dir/build.make:87: cmTC_81077] Error 1
make[1]: Leaving directory '/home/arushi/Hello-World/build/CMakeFiles/CMakeTmp'
make: *** [Makefile:121: cmTC_81077/fast] Error 2


Source file was:
#include <pthread.h>

void* test_func(void* data)
{
  return data;
}

int main(void)
{
  pthread_t thread;
  pthread_create(&thread, NULL, test_func, NULL);
  pthread_detach(thread);
  pthread_join(thread, NULL);
  pthread_atfork(NULL, NULL, NULL);
  pthread_exit(NULL);

  return 0;
}

Determining if the function pthread_create exists in the pthreads failed with the following output:
Change Dir: /home/arushi/Hello-World/build/CMakeFiles/CMakeTmp

Run Build Command(s):/usr/bin/make cmTC_94903/fast && /usr/bin/make -f CMakeFiles/cmTC_94903.dir/build.make CMakeFiles/cmTC_94903.dir/build
make[1]: Entering directory '/home/arushi/Hello-World/build/CMakeFiles/CMakeTmp'
Building C object CMakeFiles/cmTC_94903.dir/CheckFunctionExists.c.o
/usr/bin/cc   -DCHECK_FUNCTION_EXISTS=pthread_create   -o CMakeFiles/cmTC_94903.dir/CheckFunctionExists.c.o   -c /usr/share/cmake-3.16/Modules/CheckFunctionExists.c
Linking C executable cmTC_94903
/usr/bin/cmake -E cmake_link_script CMakeFiles/cmTC_94903.dir/link.txt --verbose=1
/usr/bin/cc  -DCHECK_FUNCTION_EXISTS=pthread_create    CMakeFiles/cmTC_94903.dir/CheckFunctionExists.c.o  -o cmTC_94903  -lpthreads 
/usr/bin/ld: cannot find -lpthreads
collect2: error: ld returned 1 exit status
make[1]: *** [CMakeFiles/cmTC_94903.dir/build.make:87: cmTC_94903] Error 1
make[1]: Leaving directory '/home/arushi/Hello-World/build/CMakeFiles/CMakeTmp'
make: *** [Makefile:121: cmTC_94903/fast] Error 2



Performing C SOURCE FILE Test CMAKE_HAVE_LIBC_PTHREAD failed with the following output:
Change Dir: /home/arushi/2019101120/build/CMakeFiles/CMakeTmp

Run Build Command(s):/bin/make cmTC_e9b78/fast && /bin/make -f CMakeFiles/cmTC_e9b78.dir/build.make CMakeFiles/cmTC_e9b78.dir/build
make[1]: Entering directory '/home/arushi/2019101120/build/CMakeFiles/CMakeTmp'
Building C object CMakeFiles/cmTC_e9b78.dir/src.c.o
/bin/cc   -DCMAKE_HAVE_LIBC_PTHREAD   -o CMakeFiles/cmTC_e9b78.dir/src.c.o   -c /home/arushi/2019101120/build/CMakeFiles/CMakeTmp/src.c
Linking C executable cmTC_e9b78
/usr/bin/cmake -E cmake_link_script CMakeFiles/cmTC_e9b78.dir/link.txt --verbose=1
/bin/cc  -DCMAKE_HAVE_LIBC_PTHREAD    CMakeFiles/cmTC_e9b78.dir/src.c.o  -o cmTC_e9b78 
/bin/ld: CMakeFiles/cmTC_e9b78.dir/src.c.o: in function `main':
src.c:(.text+0x46): undefined reference to `pthread_create'
/bin/ld: src.c:(.text+0x52): undefined reference to `pthread_detach'
/bin/ld: src.c:(.text+0x63): undefined reference to `pthread_join'
collect2: error: ld returned 1 exit status
make[1]: *** [CMakeFiles/cmTC_e9b78.dir/build.make:87: cmTC_e9b78] Error 1
make[1]: Leaving directory '/home/arushi/2019101120/build/CMakeFiles/CMakeTmp'
make: *** [Makefile:121: cmTC_e9b78/fast] Error 2


Source file was:
#include <pthread.h>

void* test_func(void* data)
{
  return data;
}

int main(void)
{
  pthread_t thread;
  pthread_create(&thread, NULL, test_func, NULL);
  pthread_detach(thread);
  pthread_join(thread, NULL);
  pthread_atfork(NULL, NULL, NULL);
  pthread_exit(NULL);

  return 0;
}

Determining if the function pthread_create exists in the pthreads failed with the following output:
Change Dir: /home/arushi/2019101120/build/CMakeFiles/CMakeTmp

Run Build Command(s):/bin/make cmTC_8cbe6/fast && /bin/make -f CMakeFiles/cmTC_8cbe6.dir/build.make CMakeFiles/cmTC_8cbe6.dir/build
make[1]: Entering directory '/home/arushi/2019101120/build/CMakeFiles/CMakeTmp'
Building C object CMakeFiles/cmTC_8cbe6.dir/CheckFunctionExists.c.o
/bin/cc   -DCHECK_FUNCTION_EXISTS=pthread_create   -o CMakeFiles/cmTC_8cbe6.dir/CheckFunctionExists.c.o   -c /usr/share/cmake-3.16/Modules/CheckFunctionExists.c
Linking C executable cmTC_8cbe6
/usr/bin/cmake -E cmake_link_script CMakeFiles/cmTC_8cbe6.dir/link.txt --verbose=1
/bin/cc  -DCHECK_FUNCTION_EXISTS=pthread_create    CMakeFiles/cmTC_8cbe6.dir/CheckFunctionExists.c.o  -o cmTC_8cbe6  -lpthreads 
/bin/ld: cannot find -lpthreads
collect2: error: ld returned 1 exit status
make[1]: *** [CMakeFiles/cmTC_8cbe6.dir/build.make:87: cmTC_8cbe6] Error 1
make[1]: Leaving directory '/home/arushi/2019101120/build/CMakeFiles/CMakeTmp'
make: *** [Makefile:121: cmTC_8cbe6/fast] Error 2



